--------------------------------------------------------------------------------
Release 14.7 Trace  (nt64)
Copyright (c) 1995-2013 Xilinx, Inc.  All rights reserved.

C:\Xilinx\14.7\ISE_DS\ISE\bin\nt64\unwrapped\trce.exe -intstyle ise -v 3 -s 3
-n 3 -fastpaths -xml top.twx top.ncd -o top.twr top.pcf -ucf final.ucf

Design file:              top.ncd
Physical constraint file: top.pcf
Device,package,speed:     xc6slx16,csg324,C,-3 (PRODUCTION 1.23 2013-10-13)
Report level:             verbose report

Environment Variable      Effect 
--------------------      ------ 
NONE                      No environment variables were set
--------------------------------------------------------------------------------

INFO:Timing:2698 - No timing constraints found, doing default enumeration.
INFO:Timing:3412 - To improve timing, see the Timing Closure User Guide (UG612).
INFO:Timing:2752 - To get complete path coverage, use the unconstrained paths 
   option. All paths that are not constrained will be reported in the 
   unconstrained paths section(s) of the report.
INFO:Timing:3339 - The clock-to-out numbers in this timing report are based on 
   a 50 Ohm transmission line loading model.  For the details of this model, 
   and for more information on accounting for different loading conditions, 
   please see the device datasheet.



Data Sheet report:
-----------------
All values displayed in nanoseconds (ns)

Setup/Hold to clock clk
------------+------------+------------+------------+------------+------------------+--------+
            |Max Setup to|  Process   |Max Hold to |  Process   |                  | Clock  |
Source      | clk (edge) |   Corner   | clk (edge) |   Corner   |Internal Clock(s) | Phase  |
------------+------------+------------+------------+------------+------------------+--------+
pin<2>      |    3.901(R)|      SLOW  |   -1.303(R)|      FAST  |clk_IBUF_BUFG     |   0.000|
rst_n       |    4.854(R)|      SLOW  |   -1.841(R)|      FAST  |clk_IBUF_BUFG     |   0.000|
------------+------------+------------+------------+------------+------------------+--------+

Clock clk to Pad
------------+-----------------+------------+-----------------+------------+------------------+--------+
            |Max (slowest) clk|  Process   |Min (fastest) clk|  Process   |                  | Clock  |
Destination |  (edge) to PAD  |   Corner   |  (edge) to PAD  |   Corner   |Internal Clock(s) | Phase  |
------------+-----------------+------------+-----------------+------------+------------------+--------+
LCD_ENABLE  |        10.182(R)|      SLOW  |         5.600(R)|      FAST  |clk_IBUF_BUFG     |   0.000|
audio_BCK   |         7.608(R)|      SLOW  |         4.012(R)|      FAST  |clk_IBUF_BUFG     |   0.000|
audio_DATA  |         8.267(R)|      SLOW  |         4.128(R)|      FAST  |clk_IBUF_BUFG     |   0.000|
audio_WS    |         7.771(R)|      SLOW  |         4.175(R)|      FAST  |clk_IBUF_BUFG     |   0.000|
------------+-----------------+------------+-----------------+------------+------------------+--------+

Clock pin<0> to Pad
------------+-----------------+------------+-----------------+------------+------------------+--------+
            |Max (slowest) clk|  Process   |Min (fastest) clk|  Process   |                  | Clock  |
Destination |  (edge) to PAD  |   Corner   |  (edge) to PAD  |   Corner   |Internal Clock(s) | Phase  |
------------+-----------------+------------+-----------------+------------+------------------+--------+
LED<1>      |         9.106(F)|      SLOW  |         5.178(F)|      FAST  |LED_1_G           |   0.000|
LED<2>      |         9.106(F)|      SLOW  |         5.178(F)|      FAST  |LED_1_G           |   0.000|
------------+-----------------+------------+-----------------+------------+------------------+--------+

Clock pin<1> to Pad
------------+-----------------+------------+-----------------+------------+------------------+--------+
            |Max (slowest) clk|  Process   |Min (fastest) clk|  Process   |                  | Clock  |
Destination |  (edge) to PAD  |   Corner   |  (edge) to PAD  |   Corner   |Internal Clock(s) | Phase  |
------------+-----------------+------------+-----------------+------------+------------------+--------+
LED<1>      |         8.758(F)|      SLOW  |         4.975(F)|      FAST  |LED_1_G           |   0.000|
LED<2>      |         8.758(F)|      SLOW  |         4.975(F)|      FAST  |LED_1_G           |   0.000|
------------+-----------------+------------+-----------------+------------+------------------+--------+

Clock to Setup on destination clock clk
---------------+---------+---------+---------+---------+
               | Src:Rise| Src:Fall| Src:Rise| Src:Fall|
Source Clock   |Dest:Rise|Dest:Rise|Dest:Fall|Dest:Fall|
---------------+---------+---------+---------+---------+
clk            |    9.927|         |         |         |
pin<0>         |         |   10.386|         |         |
pin<1>         |         |   10.386|         |         |
---------------+---------+---------+---------+---------+

Clock to Setup on destination clock pin<0>
---------------+---------+---------+---------+---------+
               | Src:Rise| Src:Fall| Src:Rise| Src:Fall|
Source Clock   |Dest:Rise|Dest:Rise|Dest:Fall|Dest:Fall|
---------------+---------+---------+---------+---------+
pin<0>         |         |         |    0.639|    0.639|
pin<1>         |         |         |    0.356|    0.356|
---------------+---------+---------+---------+---------+

Clock to Setup on destination clock pin<1>
---------------+---------+---------+---------+---------+
               | Src:Rise| Src:Fall| Src:Rise| Src:Fall|
Source Clock   |Dest:Rise|Dest:Rise|Dest:Fall|Dest:Fall|
---------------+---------+---------+---------+---------+
pin<0>         |         |         |    0.968|    0.968|
pin<1>         |         |         |    0.620|    0.620|
---------------+---------+---------+---------+---------+

Pad to Pad
---------------+---------------+---------+
Source Pad     |Destination Pad|  Delay  |
---------------+---------------+---------+
clk            |audio_SYSCLK   |    7.915|
pin<2>         |LCD_RST        |    8.653|
pin<2>         |LED<0>         |    6.048|
---------------+---------------+---------+


Analysis completed Sat Jun 13 01:41:50 2015 
--------------------------------------------------------------------------------

Trace Settings:
-------------------------
Trace Settings 

Peak Memory Usage: 273 MB



